<?xml version="1.0" encoding="UTF-8"?>
<testng-results ignored="0" total="1" passed="1" failed="0" skipped="0">
  <reporter-output>
  </reporter-output>
  <suite started-at="2024-11-12T13:37:05 IST" name="Default suite" finished-at="2024-11-12T13:37:15 IST" duration-ms="10387">
    <groups>
    </groups>
    <test started-at="2024-11-12T13:37:05 IST" name="Default test" finished-at="2024-11-12T13:37:15 IST" duration-ms="10387">
      <class name="books.TC_DWS_005_Test">
        <test-method is-config="true" signature="reportConfig()[pri:0, instance:books.TC_DWS_005_Test@3c41ed1d]" started-at="2024-11-12T13:37:05 IST" name="reportConfig" finished-at="2024-11-12T13:37:05 IST" duration-ms="187" status="PASS">
          <reporter-output>
          </reporter-output>
        </test-method> <!-- reportConfig -->
        <test-method is-config="true" signature="launchBrowser(java.lang.String)[pri:0, instance:books.TC_DWS_005_Test@3c41ed1d]" started-at="2024-11-12T13:37:05 IST" name="launchBrowser" finished-at="2024-11-12T13:37:10 IST" duration-ms="5127" status="PASS">
          <params>
            <param index="0">
              <value>
                <![CDATA[chrome]]>
              </value>
            </param>
          </params>
          <reporter-output>
          </reporter-output>
        </test-method> <!-- launchBrowser -->
        <test-method is-config="true" signature="login()[pri:0, instance:books.TC_DWS_005_Test@3c41ed1d]" started-at="2024-11-12T13:37:10 IST" name="login" finished-at="2024-11-12T13:37:12 IST" duration-ms="2278" status="PASS">
          <reporter-output>
          </reporter-output>
        </test-method> <!-- login -->
        <test-method signature="clickOnBooks()[pri:0, instance:books.TC_DWS_005_Test@3c41ed1d]" started-at="2024-11-12T13:37:12 IST" name="clickOnBooks" finished-at="2024-11-12T13:37:14 IST" duration-ms="1985" status="PASS">
          <reporter-output>
          </reporter-output>
        </test-method> <!-- clickOnBooks -->
        <test-method is-config="true" signature="logout()[pri:0, instance:books.TC_DWS_005_Test@3c41ed1d]" started-at="2024-11-12T13:37:14 IST" name="logout" finished-at="2024-11-12T13:37:15 IST" duration-ms="729" status="PASS">
          <reporter-output>
          </reporter-output>
        </test-method> <!-- logout -->
        <test-method is-config="true" signature="closeBrowser()[pri:0, instance:books.TC_DWS_005_Test@3c41ed1d]" started-at="2024-11-12T13:37:15 IST" name="closeBrowser" finished-at="2024-11-12T13:37:15 IST" duration-ms="219" status="PASS">
          <reporter-output>
          </reporter-output>
        </test-method> <!-- closeBrowser -->
        <test-method is-config="true" signature="reportBackup()[pri:0, instance:books.TC_DWS_005_Test@3c41ed1d]" started-at="2024-11-12T13:37:15 IST" name="reportBackup" finished-at="2024-11-12T13:37:16 IST" duration-ms="267" status="PASS">
          <reporter-output>
          </reporter-output>
        </test-method> <!-- reportBackup -->
      </class> <!-- books.TC_DWS_005_Test -->
    </test> <!-- Default test -->
  </suite> <!-- Default suite -->
</testng-results>
